G:\C_CODE\EGAMPLOCATION\EGAMPLOCATION\DEBUG\ERF.OBJ
G:\C_CODE\EGAMPLOCATION\EGAMPLOCATION\DEBUG\GAUSSNOISEGEN.OBJ
G:\C_CODE\EGAMPLOCATION\EGAMPLOCATION\DEBUG\GENERAL.OBJ
G:\C_CODE\EGAMPLOCATION\EGAMPLOCATION\DEBUG\MAIN.OBJ
G:\C_CODE\EGAMPLOCATION\EGAMPLOCATION\DEBUG\MALLOC.OBJ
G:\C_CODE\EGAMPLOCATION\EGAMPLOCATION\DEBUG\MATRIXTOOL.OBJ
G:\C_CODE\EGAMPLOCATION\EGAMPLOCATION\DEBUG\MEASURENUMGEN.OBJ
G:\C_CODE\EGAMPLOCATION\EGAMPLOCATION\DEBUG\NOIMATGEN.OBJ
G:\C_CODE\EGAMPLOCATION\EGAMPLOCATION\DEBUG\POSDATA.OBJ
G:\C_CODE\EGAMPLOCATION\EGAMPLOCATION\DEBUG\POSINITOBTAIN.OBJ
G:\C_CODE\EGAMPLOCATION\EGAMPLOCATION\DEBUG\TOAMEASUREGEN.OBJ
G:\C_CODE\EGAMPLOCATION\EGAMPLOCATION\DEBUG\UNQTAYGAMPLOC.OBJ
G:\C_CODE\EGAMPLOCATION\EGAMPLOCATION\DEBUG\WSNNETGEN.OBJ
G:\C_CODE\EGAMPLOCATION\EGAMPLOCATION\DEBUG\VC110.PDB
G:\C_CODE\EGAMPLOCATION（备份）\EGAMPLOCATION\DEBUG\ERF.OBJ
G:\C_CODE\EGAMPLOCATION（备份）\EGAMPLOCATION\DEBUG\GAUSSNOISEGEN.OBJ
G:\C_CODE\EGAMPLOCATION（备份）\EGAMPLOCATION\DEBUG\GENERAL.OBJ
G:\C_CODE\EGAMPLOCATION（备份）\EGAMPLOCATION\DEBUG\MAIN.OBJ
G:\C_CODE\EGAMPLOCATION（备份）\EGAMPLOCATION\DEBUG\MALLOC.OBJ
G:\C_CODE\EGAMPLOCATION（备份）\EGAMPLOCATION\DEBUG\MATRIXTOOL.OBJ
G:\C_CODE\EGAMPLOCATION（备份）\EGAMPLOCATION\DEBUG\MEASURENUMGEN.OBJ
G:\C_CODE\EGAMPLOCATION（备份）\EGAMPLOCATION\DEBUG\NOIMATGEN.OBJ
G:\C_CODE\EGAMPLOCATION（备份）\EGAMPLOCATION\DEBUG\POSDATA.OBJ
G:\C_CODE\EGAMPLOCATION（备份）\EGAMPLOCATION\DEBUG\POSINITOBTAIN.OBJ
G:\C_CODE\EGAMPLOCATION（备份）\EGAMPLOCATION\DEBUG\TOAMEASUREGEN.OBJ
G:\C_CODE\EGAMPLOCATION（备份）\EGAMPLOCATION\DEBUG\UNQTAYGAMPLOC.OBJ
G:\C_CODE\EGAMPLOCATION（备份）\EGAMPLOCATION\DEBUG\WSNNETGEN.OBJ
G:\C_CODE\EGAMPLOCATION（备份）\EGAMPLOCATION\DEBUG\VC110.PDB
G:\C_CODE\EGAMPLOCATION\DEBUG\EGAMPLOCATION.ILK
G:\C_CODE\EGAMPLOCATION\DEBUG\EGAMPLOCATION.EXE
G:\C_CODE\EGAMPLOCATION\DEBUG\EGAMPLOCATION.PDB
G:\C_CODE\EGAMPLOCATION（备份）\DEBUG\EGAMPLOCATION.ILK
G:\C_CODE\EGAMPLOCATION（备份）\DEBUG\EGAMPLOCATION.EXE
G:\C_CODE\EGAMPLOCATION（备份）\DEBUG\EGAMPLOCATION.PDB
G:\c_code\EGAMPlocation（备份）\EGAMPlocation\Debug\Erf.obj
G:\c_code\EGAMPlocation（备份）\EGAMPlocation\Debug\gaussNoiseGen.obj
G:\c_code\EGAMPlocation（备份）\EGAMPlocation\Debug\general.obj
G:\c_code\EGAMPlocation（备份）\EGAMPlocation\Debug\main.obj
G:\c_code\EGAMPlocation（备份）\EGAMPlocation\Debug\Malloc.obj
G:\c_code\EGAMPlocation（备份）\EGAMPlocation\Debug\matrixTool.obj
G:\c_code\EGAMPlocation（备份）\EGAMPlocation\Debug\measureNumGen.obj
G:\c_code\EGAMPlocation（备份）\EGAMPlocation\Debug\noiMatGen.obj
G:\c_code\EGAMPlocation（备份）\EGAMPlocation\Debug\posData.obj
G:\c_code\EGAMPlocation（备份）\EGAMPlocation\Debug\posInitObtain.obj
G:\c_code\EGAMPlocation（备份）\EGAMPlocation\Debug\toaMeasureGen.obj
G:\c_code\EGAMPlocation（备份）\EGAMPlocation\Debug\unqTayGAMPloc.obj
G:\c_code\EGAMPlocation（备份）\EGAMPlocation\Debug\wsnNetGen.obj
G:\c_code\EGAMPlocation（备份）\EGAMPlocation\Debug\cl.command.1.tlog
G:\c_code\EGAMPlocation（备份）\EGAMPlocation\Debug\CL.read.1.tlog
G:\c_code\EGAMPlocation（备份）\EGAMPlocation\Debug\CL.write.1.tlog
G:\c_code\EGAMPlocation（备份）\EGAMPlocation\Debug\link-cvtres.read.1.tlog
G:\c_code\EGAMPlocation（备份）\EGAMPlocation\Debug\link-cvtres.write.1.tlog
G:\c_code\EGAMPlocation（备份）\EGAMPlocation\Debug\link-rc.read.1.tlog
G:\c_code\EGAMPlocation（备份）\EGAMPlocation\Debug\link-rc.write.1.tlog
G:\c_code\EGAMPlocation（备份）\EGAMPlocation\Debug\link.884-cvtres.read.1.tlog
G:\c_code\EGAMPlocation（备份）\EGAMPlocation\Debug\link.884-cvtres.write.1.tlog
G:\c_code\EGAMPlocation（备份）\EGAMPlocation\Debug\link.884-rc.read.1.tlog
G:\c_code\EGAMPlocation（备份）\EGAMPlocation\Debug\link.884-rc.write.1.tlog
G:\c_code\EGAMPlocation（备份）\EGAMPlocation\Debug\link.884.read.1.tlog
G:\c_code\EGAMPlocation（备份）\EGAMPlocation\Debug\link.884.write.1.tlog
G:\c_code\EGAMPlocation（备份）\EGAMPlocation\Debug\link.command.1.tlog
G:\c_code\EGAMPlocation（备份）\EGAMPlocation\Debug\link.read.1.tlog
G:\c_code\EGAMPlocation（备份）\EGAMPlocation\Debug\link.write.1.tlog
G:\c_code\EGAMPlocation（备份）\EGAMPlocation\Debug\vc110.idb
G:\c_code\EGAMPlocation（备份）\EGAMPlocation\Debug\vc110.pdb
G:\c_code\EGAMPlocation（备份）\Debug\EGAMPlocation.pdb
G:\c_code\EGAMPlocation（备份）\Debug\EGAMPlocation.exe
G:\c_code\EGAMPlocation（备份）\Debug\EGAMPlocation.ilk
