生成启动时间为 2016/7/21 14:08:28。
     1>项目“G:\c_code\EGAMPlocation\EGAMPlocation\EGAMPlocation.vcxproj”在节点 2 上(Rebuild 个目标)。
     1>ClCompile:
         C:\My Soft\Microsoft Visual Studio 11.0\VC\bin\CL.exe /c /ZI /nologo /W3 /WX- /Od /Oy- /D WIN32 /D _DEBUG /D _CONSOLE /D _UNICODE /D UNICODE /Gm /EHsc /RTC1 /MDd /GS /fp:precise /Zc:wchar_t /Zc:forScope /Fo"Debug\\" /Fd"Debug\vc110.pdb" /Gd /TC /analyze- /errorReport:prompt Erf.c gaussNoiseGen.c general.c main.c Malloc.c measureNumGen.c noiMatGen.c posData.c toaMeasureGen.c unqTayGAMPloc.c wsnNetGen.c
         wsnNetGen.c
     1>g:\c_code\egamplocation\egamplocation\wsnnetgen.c(44): warning C4244: “=”: 从“double”转换到“float”，可能丢失数据
         unqTayGAMPloc.c
     1>g:\c_code\egamplocation\egamplocation\unqtaygamploc.c(190): warning C4244: “=”: 从“double”转换到“float”，可能丢失数据
     1>g:\c_code\egamplocation\egamplocation\unqtaygamploc.c(191): warning C4244: “=”: 从“double”转换到“float”，可能丢失数据
     1>g:\c_code\egamplocation\egamplocation\unqtaygamploc.c(203): warning C4996: 'sprintf': This function or variable may be unsafe. Consider using sprintf_s instead. To disable deprecation, use _CRT_SECURE_NO_WARNINGS. See online help for details.
                 c:\my soft\microsoft visual studio 11.0\vc\include\stdio.h(357) : 参见“sprintf”的声明
     1>g:\c_code\egamplocation\egamplocation\unqtaygamploc.c(204): warning C4996: 'strcat': This function or variable may be unsafe. Consider using strcat_s instead. To disable deprecation, use _CRT_SECURE_NO_WARNINGS. See online help for details.
                 c:\my soft\microsoft visual studio 11.0\vc\include\string.h(115) : 参见“strcat”的声明
     1>g:\c_code\egamplocation\egamplocation\unqtaygamploc.c(205): warning C4996: 'strcat': This function or variable may be unsafe. Consider using strcat_s instead. To disable deprecation, use _CRT_SECURE_NO_WARNINGS. See online help for details.
                 c:\my soft\microsoft visual studio 11.0\vc\include\string.h(115) : 参见“strcat”的声明
     1>g:\c_code\egamplocation\egamplocation\unqtaygamploc.c(206): warning C4996: 'fopen': This function or variable may be unsafe. Consider using fopen_s instead. To disable deprecation, use _CRT_SECURE_NO_WARNINGS. See online help for details.
                 c:\my soft\microsoft visual studio 11.0\vc\include\stdio.h(218) : 参见“fopen”的声明
     1>g:\c_code\egamplocation\egamplocation\unqtaygamploc.c(232): warning C4244: “=”: 从“double”转换到“float”，可能丢失数据
     1>g:\c_code\egamplocation\egamplocation\unqtaygamploc.c(233): warning C4244: “=”: 从“double”转换到“float”，可能丢失数据
     1>g:\c_code\egamplocation\egamplocation\unqtaygamploc.c(568): warning C4101: “j”: 未引用的局部变量
     1>g:\c_code\egamplocation\egamplocation\unqtaygamploc.c(591): warning C4101: “j”: 未引用的局部变量
     1>g:\c_code\egamplocation\egamplocation\unqtaygamploc.c(605): warning C4101: “j”: 未引用的局部变量
     1>g:\c_code\egamplocation\egamplocation\unqtaygamploc.c(624): warning C4101: “j”: 未引用的局部变量
     1>g:\c_code\egamplocation\egamplocation\unqtaygamploc.c(643): warning C4244: “初始化”: 从“double”转换到“float”，可能丢失数据
     1>g:\c_code\egamplocation\egamplocation\unqtaygamploc.c(645): warning C4244: “初始化”: 从“double”转换到“float”，可能丢失数据
     1>g:\c_code\egamplocation\egamplocation\unqtaygamploc.c(646): warning C4244: “初始化”: 从“double”转换到“float”，可能丢失数据
     1>g:\c_code\egamplocation\egamplocation\unqtaygamploc.c(647): warning C4244: “初始化”: 从“double”转换到“float”，可能丢失数据
     1>g:\c_code\egamplocation\egamplocation\unqtaygamploc.c(650): warning C4244: “=”: 从“double”转换到“float”，可能丢失数据
     1>g:\c_code\egamplocation\egamplocation\unqtaygamploc.c(651): warning C4244: “=”: 从“double”转换到“float”，可能丢失数据
     1>g:\c_code\egamplocation\egamplocation\unqtaygamploc.c(652): warning C4244: “=”: 从“double”转换到“float”，可能丢失数据
     1>g:\c_code\egamplocation\egamplocation\unqtaygamploc.c(653): warning C4244: “=”: 从“double”转换到“float”，可能丢失数据
     1>g:\c_code\egamplocation\egamplocation\unqtaygamploc.c(654): warning C4244: “=”: 从“double”转换到“float”，可能丢失数据
         toaMeasureGen.c
         posData.c
     1>g:\c_code\egamplocation\egamplocation\posdata.c(3): warning C4305: “初始化”: 从“double”到“float”截断
     1>g:\c_code\egamplocation\egamplocation\posdata.c(4): warning C4305: “初始化”: 从“double”到“float”截断
     1>g:\c_code\egamplocation\egamplocation\posdata.c(5): warning C4305: “初始化”: 从“double”到“float”截断
         noiMatGen.c
     1>g:\c_code\egamplocation\egamplocation\noimatgen.c(10): warning C4244: “=”: 从“double”转换到“float”，可能丢失数据
     1>g:\c_code\egamplocation\egamplocation\noimatgen.c(17): warning C4244: “=”: 从“double”转换到“float”，可能丢失数据
         measureNumGen.c
         Malloc.c
         main.c
     1>g:\c_code\egamplocation\egamplocation\main.c(21): warning C4996: 'fopen': This function or variable may be unsafe. Consider using fopen_s instead. To disable deprecation, use _CRT_SECURE_NO_WARNINGS. See online help for details.
                 c:\my soft\microsoft visual studio 11.0\vc\include\stdio.h(218) : 参见“fopen”的声明
     1>g:\c_code\egamplocation\egamplocation\main.c(17): warning C4101: “j”: 未引用的局部变量
         general.c
     1>g:\c_code\egamplocation\egamplocation\general.c(72): warning C4244: “=”: 从“double”转换到“float”，可能丢失数据
         gaussNoiseGen.c
     1>g:\c_code\egamplocation\egamplocation\gaussnoisegen.c(14): warning C4305: “函数”: 从“double”到“float”截断
     1>g:\c_code\egamplocation\egamplocation\gaussnoisegen.c(15): warning C4305: “函数”: 从“double”到“float”截断
     1>g:\c_code\egamplocation\egamplocation\gaussnoisegen.c(17): warning C4244: “=”: 从“double”转换到“float”，可能丢失数据
         Erf.c
     1>g:\c_code\egamplocation\egamplocation\erf.c(21): warning C4244: “+=”: 从“double”转换到“float”，可能丢失数据
     1>g:\c_code\egamplocation\egamplocation\erf.c(23): warning C4244: “*=”: 从“double”转换到“float”，可能丢失数据
         正在生成代码...
       Link:
         C:\My Soft\Microsoft Visual Studio 11.0\VC\bin\link.exe /ERRORREPORT:PROMPT /OUT:"G:\c_code\EGAMPlocation\Debug\EGAMPlocation.exe" /INCREMENTAL /NOLOGO kernel32.lib user32.lib gdi32.lib winspool.lib comdlg32.lib advapi32.lib shell32.lib ole32.lib oleaut32.lib uuid.lib odbc32.lib odbccp32.lib /MANIFEST /MANIFESTUAC:"level='asInvoker' uiAccess='false'" /manifest:embed /DEBUG /PDB:"G:\c_code\EGAMPlocation\Debug\EGAMPlocation.pdb" /SUBSYSTEM:CONSOLE /TLBID:1 /DYNAMICBASE /NXCOMPAT /IMPLIB:"G:\c_code\EGAMPlocation\Debug\EGAMPlocation.lib" /MACHINE:X86 Debug\Erf.obj
         Debug\gaussNoiseGen.obj
         Debug\general.obj
         Debug\main.obj
         Debug\Malloc.obj
         Debug\measureNumGen.obj
         Debug\noiMatGen.obj
         Debug\posData.obj
         Debug\toaMeasureGen.obj
         Debug\unqTayGAMPloc.obj
         Debug\wsnNetGen.obj
         EGAMPlocation.vcxproj -> G:\c_code\EGAMPlocation\Debug\EGAMPlocation.exe
     1>已完成生成项目“G:\c_code\EGAMPlocation\EGAMPlocation\EGAMPlocation.vcxproj”(Rebuild 个目标)的操作。

生成成功。

已用时间 00:00:01.40
